<?xml version="1.0" encoding="UTF-8"?>
<!-- Generated by org.testng.reporters.JUnitReportReporter -->
<testsuite hostname="prashanth" name="gourmet.qa.testcases.LandingPOSLoginPageTest" tests="7" failures="0" timestamp="28 Nov 2019 12:12:23 GMT" time="147.951" errors="0">
  <testcase name="validateLoginBtnTest" time="18.640" classname="gourmet.qa.testcases.LandingPOSLoginPageTest"/>
  <testcase name="validateKiposLogoTest" time="21.601" classname="gourmet.qa.testcases.LandingPOSLoginPageTest"/>
  <testcase name="loginTest" time="22.668" classname="gourmet.qa.testcases.LandingPOSLoginPageTest"/>
  <testcase name="loginPageTitleTest" time="22.366" classname="gourmet.qa.testcases.LandingPOSLoginPageTest"/>
  <testcase name="validateLoginPasswordTxtboxTest" time="23.994" classname="gourmet.qa.testcases.LandingPOSLoginPageTest"/>
  <testcase name="validateKiposPOSHeadingTest" time="19.700" classname="gourmet.qa.testcases.LandingPOSLoginPageTest"/>
  <testcase name="validateLoginEmailTxtboxTest" time="18.982" classname="gourmet.qa.testcases.LandingPOSLoginPageTest"/>
</testsuite> <!-- gourmet.qa.testcases.LandingPOSLoginPageTest -->
