<?xml version="1.0" encoding="UTF-8"?>
<!-- Generated by org.testng.reporters.JUnitReportReporter -->
<testsuite hostname="prashanth" name="KiposCollective.Gourmet.AppTest" tests="1" failures="0" timestamp="28 Nov 2019 12:12:23 GMT" time="0.001" errors="0">
  <testcase name="testApp" time="0.001" classname="KiposCollective.Gourmet.AppTest"/>
</testsuite> <!-- KiposCollective.Gourmet.AppTest -->
