<?xml version="1.0" encoding="UTF-8"?>
<!-- Generated by org.testng.reporters.JUnitReportReporter -->
<testsuite hostname="prashanth" name="gourmet.qa.testcases.LandingPOSLoginPageTest" tests="7" failures="0" timestamp="27 Nov 2019 09:02:36 GMT" time="166.715" errors="0">
  <testcase name="validateLoginEmailTxtboxTest" time="24.767" classname="gourmet.qa.testcases.LandingPOSLoginPageTest"/>
  <testcase name="loginTest" time="26.123" classname="gourmet.qa.testcases.LandingPOSLoginPageTest"/>
  <testcase name="validateKiposPOSHeadingTest" time="20.787" classname="gourmet.qa.testcases.LandingPOSLoginPageTest"/>
  <testcase name="validateKiposLogoTest" time="24.102" classname="gourmet.qa.testcases.LandingPOSLoginPageTest"/>
  <testcase name="validateLoginPasswordTxtboxTest" time="23.654" classname="gourmet.qa.testcases.LandingPOSLoginPageTest"/>
  <testcase name="loginPageTitleTest" time="24.549" classname="gourmet.qa.testcases.LandingPOSLoginPageTest"/>
  <testcase name="validateLoginBtnTest" time="22.733" classname="gourmet.qa.testcases.LandingPOSLoginPageTest"/>
</testsuite> <!-- gourmet.qa.testcases.LandingPOSLoginPageTest -->
