<?xml version="1.0" encoding="UTF-8"?>
<!-- Generated by org.testng.reporters.JUnitReportReporter -->
<testsuite hostname="prashanth" name="gourmet.qa.testcases.LandingPOSLoginPageTest" tests="7" failures="0" timestamp="30 Nov 2019 09:44:56 GMT" time="164.647" errors="0">
  <testcase name="validateLoginEmailTxtboxTest" time="21.557" classname="gourmet.qa.testcases.LandingPOSLoginPageTest"/>
  <testcase name="loginTest" time="23.269" classname="gourmet.qa.testcases.LandingPOSLoginPageTest"/>
  <testcase name="validateKiposPOSHeadingTest" time="21.147" classname="gourmet.qa.testcases.LandingPOSLoginPageTest"/>
  <testcase name="validateKiposLogoTest" time="23.679" classname="gourmet.qa.testcases.LandingPOSLoginPageTest"/>
  <testcase name="validateLoginPasswordTxtboxTest" time="21.815" classname="gourmet.qa.testcases.LandingPOSLoginPageTest"/>
  <testcase name="loginPageTitleTest" time="28.006" classname="gourmet.qa.testcases.LandingPOSLoginPageTest"/>
  <testcase name="validateLoginBtnTest" time="25.174" classname="gourmet.qa.testcases.LandingPOSLoginPageTest"/>
</testsuite> <!-- gourmet.qa.testcases.LandingPOSLoginPageTest -->
